<?xml version="1.0" encoding="UTF-8"?>
<!-- Generated by org.testng.reporters.JUnitXMLReporter -->
<testsuite ignored="4" hostname="omi" failures="0" tests="1" name="Default test" time="3.109" errors="0" timestamp="2025-06-27T19:37:24 IST">
  <testcase classname="com.API_Framework.Gorest" name="Verify_Delete_Users_With_Validdata" time="3.056"/>
  <testcase classname="com.API_Framework.Gorest" name="Verify_GetAll_User_WithValiduri" time="0.0">
    <ignored/>
  </testcase> <!-- Verify_GetAll_User_WithValiduri -->
  <testcase classname="com.API_Framework.Gorest" name="Verify_Update_User_With_Validdata" time="0.0">
    <ignored/>
  </testcase> <!-- Verify_Update_User_With_Validdata -->
  <testcase classname="com.API_Framework.Gorest" name="Verify_GetBySingal_User_WithValidUri" time="0.0">
    <ignored/>
  </testcase> <!-- Verify_GetBySingal_User_WithValidUri -->
  <testcase classname="com.API_Framework.Gorest" name="verify_Gorest_Create_User_With_ValidData" time="0.0">
    <ignored/>
  </testcase> <!-- verify_Gorest_Create_User_With_ValidData -->
</testsuite> <!-- Default test -->
