<?xml version="1.0" encoding="UTF-8"?>
<testng-results ignored="0" total="1" passed="1" failed="0" skipped="0">
  <reporter-output>
  </reporter-output>
  <suite started-at="2025-06-27T19:37:21 IST" name="Default suite" finished-at="2025-06-27T19:37:24 IST" duration-ms="3109">
    <groups>
    </groups>
    <test started-at="2025-06-27T19:37:21 IST" name="Default test" finished-at="2025-06-27T19:37:24 IST" duration-ms="3109">
      <class name="com.API_Framework.Gorest">
        <test-method signature="Verify_Delete_Users_With_Validdata()[pri:0, instance:com.API_Framework.Gorest@399f45b1]" started-at="2025-06-27T19:37:21 IST" name="Verify_Delete_Users_With_Validdata" finished-at="2025-06-27T19:37:24 IST" duration-ms="3056" status="PASS">
          <reporter-output>
          </reporter-output>
        </test-method> <!-- Verify_Delete_Users_With_Validdata -->
      </class> <!-- com.API_Framework.Gorest -->
    </test> <!-- Default test -->
  </suite> <!-- Default suite -->
</testng-results>
